<?xml version="1.0" encoding="UTF-8"?>
<testng-results ignored="0" total="1" passed="1" failed="0" skipped="0">
  <reporter-output>
  </reporter-output>
  <suite started-at="2025-09-02T14:21:58 IST" name="Default suite" finished-at="2025-09-02T14:22:13 IST" duration-ms="14710">
    <groups>
    </groups>
    <test started-at="2025-09-02T14:21:58 IST" name="Default test" finished-at="2025-09-02T14:22:13 IST" duration-ms="14710">
      <class name="com.taskmanager.tests.LoginTest">
        <test-method is-config="true" signature="setUp()[pri:0, instance:com.taskmanager.tests.LoginTest@e350b40]" started-at="2025-09-02T14:21:58 IST" name="setUp" finished-at="2025-09-02T14:22:03 IST" duration-ms="4754" status="PASS">
          <reporter-output>
          </reporter-output>
        </test-method> <!-- setUp -->
        <test-method signature="testLoginAfterRegistration()[pri:0, instance:com.taskmanager.tests.LoginTest@e350b40]" started-at="2025-09-02T14:22:03 IST" name="testLoginAfterRegistration" finished-at="2025-09-02T14:22:08 IST" duration-ms="4829" status="PASS">
          <reporter-output>
          </reporter-output>
        </test-method> <!-- testLoginAfterRegistration -->
        <test-method is-config="true" signature="tearDown()[pri:0, instance:com.taskmanager.tests.LoginTest@e350b40]" started-at="2025-09-02T14:22:08 IST" name="tearDown" finished-at="2025-09-02T14:22:13 IST" duration-ms="5007" status="PASS">
          <reporter-output>
          </reporter-output>
        </test-method> <!-- tearDown -->
      </class> <!-- com.taskmanager.tests.LoginTest -->
    </test> <!-- Default test -->
  </suite> <!-- Default suite -->
</testng-results>
