<?xml version="1.0" encoding="UTF-8"?>
<testng-results ignored="0" total="2" passed="2" failed="0" skipped="0">
  <reporter-output>
  </reporter-output>
  <suite started-at="2025-09-02T14:10:01 IST" name="Suite" finished-at="2025-09-02T14:10:14 IST" duration-ms="12689">
    <groups>
    </groups>
    <test started-at="2025-09-02T14:10:01 IST" name="Test" finished-at="2025-09-02T14:10:14 IST" duration-ms="12689">
      <class name="com.taskmanager.tests.LoginTest">
        <test-method is-config="true" signature="setUp()[pri:0, instance:com.taskmanager.tests.LoginTest@3ee37e5a]" started-at="2025-09-02T14:10:01 IST" name="setUp" finished-at="2025-09-02T14:10:07 IST" duration-ms="5865" status="PASS">
          <reporter-output>
          </reporter-output>
        </test-method> <!-- setUp -->
        <test-method signature="testLoginAfterRegistration()[pri:0, instance:com.taskmanager.tests.LoginTest@3ee37e5a]" started-at="2025-09-02T14:10:07 IST" name="testLoginAfterRegistration" finished-at="2025-09-02T14:10:09 IST" duration-ms="2015" status="PASS">
          <reporter-output>
          </reporter-output>
        </test-method> <!-- testLoginAfterRegistration -->
        <test-method is-config="true" signature="tearDown()[pri:0, instance:com.taskmanager.tests.LoginTest@3ee37e5a]" started-at="2025-09-02T14:10:09 IST" name="tearDown" finished-at="2025-09-02T14:10:09 IST" duration-ms="395" status="PASS">
          <reporter-output>
          </reporter-output>
        </test-method> <!-- tearDown -->
      </class> <!-- com.taskmanager.tests.LoginTest -->
      <class name="com.taskmanager.tests.RegisterTest">
        <test-method is-config="true" signature="setUp()[pri:0, instance:com.taskmanager.tests.RegisterTest@771a660]" started-at="2025-09-02T14:10:09 IST" name="setUp" finished-at="2025-09-02T14:10:12 IST" duration-ms="2919" status="PASS">
          <reporter-output>
          </reporter-output>
        </test-method> <!-- setUp -->
        <test-method signature="testUserRegistration()[pri:0, instance:com.taskmanager.tests.RegisterTest@771a660]" started-at="2025-09-02T14:10:12 IST" name="testUserRegistration" finished-at="2025-09-02T14:10:13 IST" duration-ms="1016" status="PASS">
          <reporter-output>
          </reporter-output>
        </test-method> <!-- testUserRegistration -->
        <test-method is-config="true" signature="tearDown()[pri:0, instance:com.taskmanager.tests.RegisterTest@771a660]" started-at="2025-09-02T14:10:13 IST" name="tearDown" finished-at="2025-09-02T14:10:14 IST" duration-ms="339" status="PASS">
          <reporter-output>
          </reporter-output>
        </test-method> <!-- tearDown -->
      </class> <!-- com.taskmanager.tests.RegisterTest -->
    </test> <!-- Test -->
  </suite> <!-- Suite -->
</testng-results>
